[    0.000000] Linux version 4.15.0-38-generic (buildd@lcy01-amd64-023) (gcc version 7.3.0 (Ubuntu 7.3.0-16ubuntu3)) #41-Ubuntu SMP Wed Oct 10 10:59:38 UTC 2018 (Ubuntu 4.15.0-38.41-generic 4.15.18)
[    0.000000] Command line: BOOT_IMAGE=/boot/vmlinuz-4.15.0-38-generic root=LABEL=cloudimg-rootfs ro console=tty1 console=ttyS0
[    0.000000] KERNEL supported cpus:
[    0.000000]   Intel GenuineIntel
[    0.000000]   AMD AuthenticAMD
[    0.000000]   Centaur CentaurHauls
[    0.000000] x86/fpu: Supporting XSAVE feature 0x001: 'x87 floating point registers'
[    0.000000] x86/fpu: Supporting XSAVE feature 0x002: 'SSE registers'
[    0.000000] x86/fpu: Supporting XSAVE feature 0x004: 'AVX registers'
[    0.000000] x86/fpu: xstate_offset[2]:  576, xstate_sizes[2]:  256
[    0.000000] x86/fpu: Enabled xstate features 0x7, context size is 832 bytes, using 'standard' format.
[    0.000000] e820: BIOS-provided physical RAM map:
[    0.000000] BIOS-e820: [mem 0x0000000000000000-0x000000000009fbff] usable
[    0.000000] BIOS-e820: [mem 0x000000000009fc00-0x000000000009ffff] reserved
[    0.000000] BIOS-e820: [mem 0x00000000000f0000-0x00000000000fffff] reserved
[    0.000000] BIOS-e820: [mem 0x0000000000100000-0x000000007ffeffff] usable
[    0.000000] BIOS-e820: [mem 0x000000007fff0000-0x000000007fffffff] ACPI data
[    0.000000] BIOS-e820: [mem 0x00000000fec00000-0x00000000fec00fff] reserved
[    0.000000] BIOS-e820: [mem 0x00000000fee00000-0x00000000fee00fff] reserved
[    0.000000] BIOS-e820: [mem 0x00000000fffc0000-0x00000000ffffffff] reserved
[    0.000000] NX (Execute Disable) protection: active
[    0.000000] SMBIOS 2.5 present.
[    0.000000] DMI: innotek GmbH VirtualBox/VirtualBox, BIOS VirtualBox 12/01/2006
[    0.000000] Hypervisor detected: KVM
[    0.000000] e820: last_pfn = 0x7fff0 max_arch_pfn = 0x400000000
[    0.000000] MTRR: Disabled
[    0.000000] x86/PAT: MTRRs disabled, skipping PAT initialization too.
[    0.000000] CPU MTRRs all blank - virtualized system.
[    0.000000] x86/PAT: Configuration [0-7]: WB  WT  UC- UC  WB  WT  UC- UC  
[    0.000000] found SMP MP-table at [mem 0x0009fff0-0x0009ffff] mapped at [        (ptrval)]
[    0.000000] Scanning 1 areas for low memory corruption
[    0.000000] RAMDISK: [mem 0x35ae3000-0x36d68fff]
[    0.000000] ACPI: Early table checksum verification disabled
[    0.000000] ACPI: RSDP 0x00000000000E0000 000024 (v02 VBOX  )
[    0.000000] ACPI: XSDT 0x000000007FFF0030 00003C (v01 VBOX   VBOXXSDT 00000001 ASL  00000061)
[    0.000000] ACPI: FACP 0x000000007FFF00F0 0000F4 (v04 VBOX   VBOXFACP 00000001 ASL  00000061)
[    0.000000] ACPI: DSDT 0x000000007FFF0470 0021FF (v02 VBOX   VBOXBIOS 00000002 INTL 20180105)
[    0.000000] ACPI: FACS 0x000000007FFF0200 000040
[    0.000000] ACPI: FACS 0x000000007FFF0200 000040
[    0.000000] ACPI: APIC 0x000000007FFF0240 00005C (v02 VBOX   VBOXAPIC 00000001 ASL  00000061)
[    0.000000] ACPI: SSDT 0x000000007FFF02A0 0001CC (v01 VBOX   VBOXCPUT 00000002 INTL 20180105)
[    0.000000] No NUMA configuration found
[    0.000000] Faking a node at [mem 0x0000000000000000-0x000000007ffeffff]
[    0.000000] NODE_DATA(0) allocated [mem 0x7ffc5000-0x7ffeffff]
[    0.000000] kvm-clock: cpu 0, msr 0:7ff44001, primary cpu clock
[    0.000000] kvm-clock: Using msrs 4b564d01 and 4b564d00
[    0.000000] kvm-clock: using sched offset of 17618001549 cycles
[    0.000000] clocksource: kvm-clock: mask: 0xffffffffffffffff max_cycles: 0x1cd42e4dffb, max_idle_ns: 881590591483 ns
[    0.000000] Zone ranges:
[    0.000000]   DMA      [mem 0x0000000000001000-0x0000000000ffffff]
[    0.000000]   DMA32    [mem 0x0000000001000000-0x000000007ffeffff]
[    0.000000]   Normal   empty
[    0.000000]   Device   empty
[    0.000000] Movable zone start for each node
[    0.000000] Early memory node ranges
[    0.000000]   node   0: [mem 0x0000000000001000-0x000000000009efff]
[    0.000000]   node   0: [mem 0x0000000000100000-0x000000007ffeffff]
[    0.000000] Initmem setup node 0 [mem 0x0000000000001000-0x000000007ffeffff]
[    0.000000] Reserved but unavailable: 98 pages
[    0.000000] ACPI: PM-Timer IO Port: 0x4008
[    0.000000] IOAPIC[0]: apic_id 2, version 32, address 0xfec00000, GSI 0-23
[    0.000000] ACPI: INT_SRC_OVR (bus 0 bus_irq 0 global_irq 2 dfl dfl)
[    0.000000] ACPI: INT_SRC_OVR (bus 0 bus_irq 9 global_irq 9 low level)
[    0.000000] Using ACPI (MADT) for SMP configuration information
[    0.000000] smpboot: Allowing 2 CPUs, 0 hotplug CPUs
[    0.000000] PM: Registered nosave memory: [mem 0x00000000-0x00000fff]
[    0.000000] PM: Registered nosave memory: [mem 0x0009f000-0x0009ffff]
[    0.000000] PM: Registered nosave memory: [mem 0x000a0000-0x000effff]
[    0.000000] PM: Registered nosave memory: [mem 0x000f0000-0x000fffff]
[    0.000000] e820: [mem 0x80000000-0xfebfffff] available for PCI devices
[    0.000000] Booting paravirtualized kernel on KVM
[    0.000000] clocksource: refined-jiffies: mask: 0xffffffff max_cycles: 0xffffffff, max_idle_ns: 7645519600211568 ns
[    0.000000] random: get_random_bytes called from start_kernel+0x99/0x4fd with crng_init=0
[    0.000000] setup_percpu: NR_CPUS:8192 nr_cpumask_bits:2 nr_cpu_ids:2 nr_node_ids:1
[    0.000000] percpu: Embedded 46 pages/cpu @        (ptrval) s151552 r8192 d28672 u1048576
[    0.000000] PV qspinlock hash table entries: 256 (order: 0, 4096 bytes)
[    0.000000] Built 1 zonelists, mobility grouping on.  Total pages: 515961
[    0.000000] Policy zone: DMA32
[    0.000000] Kernel command line: BOOT_IMAGE=/boot/vmlinuz-4.15.0-38-generic root=LABEL=cloudimg-rootfs ro console=tty1 console=ttyS0
[    0.000000] Memory: 2015808K/2096696K available (12300K kernel code, 2472K rwdata, 4248K rodata, 2408K init, 2416K bss, 80888K reserved, 0K cma-reserved)
[    0.000000] SLUB: HWalign=64, Order=0-3, MinObjects=0, CPUs=2, Nodes=1
[    0.000000] Kernel/User page tables isolation: enabled
[    0.000000] ftrace: allocating 39175 entries in 154 pages
[    0.004000] Hierarchical RCU implementation.
[    0.004000] 	RCU restricting CPUs from NR_CPUS=8192 to nr_cpu_ids=2.
[    0.004000] 	Tasks RCU enabled.
[    0.004000] RCU: Adjusting geometry for rcu_fanout_leaf=16, nr_cpu_ids=2
[    0.004000] NR_IRQS: 524544, nr_irqs: 440, preallocated irqs: 16
[    0.004000] Console: colour VGA+ 80x25
[    0.004000] console [tty1] enabled
[    0.004000] console [ttyS0] enabled
[    0.004000] ACPI: Core revision 20170831
[    0.004000] ACPI: 2 ACPI AML tables successfully acquired and loaded
[    0.004000] APIC: Switch to symmetric I/O mode setup
[    0.009647] x2apic enabled
[    0.012043] Switched APIC routing to physical x2apic.
[    0.040000] ..TIMER: vector=0x30 apic1=0 pin1=2 apic2=-1 pin2=-1
[    0.040007] tsc: Detected 2807.990 MHz processor
[    0.044021] Calibrating delay loop (skipped) preset value.. 5615.98 BogoMIPS (lpj=11231960)
[    0.048008] pid_max: default: 32768 minimum: 301
[    0.052079] Security Framework initialized
[    0.056007] Yama: becoming mindful.
[    0.060063] AppArmor: AppArmor initialized
[    0.073108] Dentry cache hash table entries: 262144 (order: 9, 2097152 bytes)
[    0.084307] Inode-cache hash table entries: 131072 (order: 8, 1048576 bytes)
[    0.088072] Mount-cache hash table entries: 4096 (order: 3, 32768 bytes)
[    0.092049] Mountpoint-cache hash table entries: 4096 (order: 3, 32768 bytes)
[    0.097441] mce: CPU supports 0 MCE banks
[    0.100293] Last level iTLB entries: 4KB 64, 2MB 8, 4MB 8
[    0.104006] Last level dTLB entries: 4KB 64, 2MB 0, 4MB 0, 1GB 4
[    0.108007] Spectre V2 : Mitigation: Full generic retpoline
[    0.112005] Spectre V2 : Spectre v2 / SpectreRSB mitigation: Filling RSB on context switch
[    0.116006] Speculative Store Bypass: Vulnerable
[    0.120182] Freeing SMP alternatives memory: 36K
[    0.132000] smpboot: CPU0: Intel(R) Core(TM) i7-7700HQ CPU @ 2.80GHz (family: 0x6, model: 0x9e, stepping: 0x9)
[    0.132182] Performance Events: unsupported p6 CPU model 158 no PMU driver, software events only.
[    0.136178] Hierarchical SRCU implementation.
[    0.141265] NMI watchdog: Perf event create on CPU 0 failed with -2
[    0.144194] NMI watchdog: Perf NMI watchdog permanently disabled
[    0.152145] smp: Bringing up secondary CPUs ...
[    0.156258] x86: Booting SMP configuration:
[    0.160007] .... node  #0, CPUs:      #1
[    0.004000] kvm-clock: cpu 1, msr 0:7ff44041, secondary cpu clock
[    0.004000] mce: CPU supports 0 MCE banks
[    0.216000] smp: Brought up 1 node, 2 CPUs
[    0.216011] smpboot: Max logical packages: 1
[    0.220010] smpboot: Total of 2 processors activated (11231.96 BogoMIPS)
[    0.228383] devtmpfs: initialized
[    0.240118] x86/mm: Memory block size: 128MB
[    0.252490] evm: security.selinux
[    0.268007] evm: security.SMACK64
[    0.280006] evm: security.SMACK64EXEC
[    0.292009] evm: security.SMACK64TRANSMUTE
[    0.304006] evm: security.SMACK64MMAP
[    0.312006] evm: security.apparmor
[    0.324006] evm: security.ima
[    0.336007] evm: security.capability
[    0.350164] clocksource: jiffies: mask: 0xffffffff max_cycles: 0xffffffff, max_idle_ns: 7645041785100000 ns
[    0.384020] futex hash table entries: 512 (order: 3, 32768 bytes)
[    0.410094] pinctrl core: initialized pinctrl subsystem
[    0.428802] RTC time: 12:53:55, date: 11/14/18
[    0.448607] NET: Registered protocol family 16
[    0.468158] audit: initializing netlink subsys (disabled)
[    0.492008] audit: type=2000 audit(1542200052.804:1): state=initialized audit_enabled=0 res=1
[    0.501945] cpuidle: using governor ladder
[    0.516017] cpuidle: using governor menu
[    0.528073] ACPI: bus type PCI registered
[    0.544008] acpiphp: ACPI Hot Plug PCI Controller Driver version: 0.5
[    0.568476] PCI: Using configuration type 1 for base access
[    0.597965] HugeTLB registered 2.00 MiB page size, pre-allocated 0 pages
[    0.608210] ACPI: Added _OSI(Module Device)
[    0.612008] ACPI: Added _OSI(Processor Device)
[    0.616011] ACPI: Added _OSI(3.0 _SCP Extensions)
[    0.620011] ACPI: Added _OSI(Processor Aggregator Device)
[    0.624013] ACPI: Added _OSI(Linux-Dell-Video)
[    0.628013] ACPI: Added _OSI(Linux-Lenovo-NV-HDMI-Audio)
[    0.640419] ACPI: Executed 1 blocks of module-level executable AML code
[    0.659369] ACPI: Interpreter enabled
[    0.660044] ACPI: (supports S0 S5)
[    0.664008] ACPI: Using IOAPIC for interrupt routing
[    0.668977] PCI: Using host bridge windows from ACPI; if necessary, use "pci=nocrs" and report a bug
[    0.673875] ACPI: Enabled 2 GPEs in block 00 to 07
[    0.716441] ACPI: PCI Root Bridge [PCI0] (domain 0000 [bus 00-ff])
[    0.720019] acpi PNP0A03:00: _OSC: OS supports [ASPM ClockPM Segments MSI]
[    0.728072] acpi PNP0A03:00: _OSC: not requesting OS control; OS requires [ExtendedConfig ASPM ClockPM MSI]
[    0.732033] acpi PNP0A03:00: fail to add MMCONFIG information, can't access extended PCI configuration space under this bridge.
[    0.742496] PCI host bridge to bus 0000:00
[    0.744011] pci_bus 0000:00: root bus resource [io  0x0000-0x0cf7 window]
[    0.748011] pci_bus 0000:00: root bus resource [io  0x0d00-0xffff window]
[    0.752010] pci_bus 0000:00: root bus resource [mem 0x000a0000-0x000bffff window]
[    0.756011] pci_bus 0000:00: root bus resource [mem 0x80000000-0xfdffffff window]
[    0.760011] pci_bus 0000:00: root bus resource [bus 00-ff]
[    0.800320] pci 0000:00:01.1: legacy IDE quirk: reg 0x10: [io  0x01f0-0x01f7]
[    0.804009] pci 0000:00:01.1: legacy IDE quirk: reg 0x14: [io  0x03f6]
[    0.808009] pci 0000:00:01.1: legacy IDE quirk: reg 0x18: [io  0x0170-0x0177]
[    0.812009] pci 0000:00:01.1: legacy IDE quirk: reg 0x1c: [io  0x0376]
[    0.950104] pci 0000:00:07.0: quirk: [io  0x4000-0x403f] claimed by PIIX4 ACPI
[    0.952176] pci 0000:00:07.0: quirk: [io  0x4100-0x410f] claimed by PIIX4 SMB
[    1.053417] ACPI: PCI Interrupt Link [LNKA] (IRQs 5 9 10 *11)
[    1.080663] ACPI: PCI Interrupt Link [LNKB] (IRQs 5 9 *10 11)
[    1.108972] ACPI: PCI Interrupt Link [LNKC] (IRQs 5 *9 10 11)
[    1.144746] ACPI: PCI Interrupt Link [LNKD] (IRQs 5 9 10 *11)
[    1.188000] SCSI subsystem initialized
[    1.228205] pci 0000:00:02.0: vgaarb: setting as boot VGA device
[    1.232000] pci 0000:00:02.0: vgaarb: VGA device added: decodes=io+mem,owns=io+mem,locks=none
[    1.232079] pci 0000:00:02.0: vgaarb: bridge control possible
[    1.236008] vgaarb: loaded
[    1.240196] ACPI: bus type USB registered
[    1.244511] usbcore: registered new interface driver usbfs
[    1.248044] usbcore: registered new interface driver hub
[    1.256073] usbcore: registered new device driver usb
[    1.264205] EDAC MC: Ver: 3.0.0
[    1.280308] PCI: Using ACPI for IRQ routing
[    1.293635] NetLabel: Initializing
[    1.296007] NetLabel:  domain hash size = 128
[    1.300006] NetLabel:  protocols = UNLABELED CIPSOv4 CALIPSO
[    1.304064] NetLabel:  unlabeled traffic allowed by default
[    1.312648] clocksource: Switched to clocksource kvm-clock
[    1.444655] VFS: Disk quotas dquot_6.6.0
[    1.458190] VFS: Dquot-cache hash table entries: 512 (order 0, 4096 bytes)
[    1.461982] AppArmor: AppArmor Filesystem Enabled
[    1.461982] pnp: PnP ACPI init
[    1.461982] pnp: PnP ACPI: found 3 devices
[    1.596893] clocksource: acpi_pm: mask: 0xffffff max_cycles: 0xffffff, max_idle_ns: 2085701024 ns
[    1.600456] NET: Registered protocol family 2
[    1.638939] TCP established hash table entries: 16384 (order: 5, 131072 bytes)
[    1.695594] TCP bind hash table entries: 16384 (order: 6, 262144 bytes)
[    1.746546] TCP: Hash tables configured (established 16384 bind 16384)
[    1.766999] UDP hash table entries: 1024 (order: 3, 32768 bytes)
[    1.786187] UDP-Lite hash table entries: 1024 (order: 3, 32768 bytes)
[    1.850721] NET: Registered protocol family 1
[    1.877664] pci 0000:00:00.0: Limiting direct PCI/PCI transfers
[    1.896841] pci 0000:00:01.0: Activating ISA DMA hang workarounds
[    1.916950] pci 0000:00:02.0: Video device with shadowed ROM at [mem 0x000c0000-0x000dffff]
[    1.943577] Unpacking initramfs...
[    3.860936] Freeing initrd memory: 18968K
[    3.880492] platform rtc_cmos: registered platform RTC device (no PNP device found)
[    3.944083] Scanning for low memory corruption every 60 seconds
[    3.997763] Initialise system trusted keyrings
[    4.023322] Key type blacklist registered
[    4.060870] workingset: timestamp_bits=36 max_order=19 bucket_order=0
[    4.106750] zbud: loaded
[    4.129193] squashfs: version 4.0 (2009/01/31) Phillip Lougher
[    4.166407] fuse init (API version 7.26)
[    4.244434] Key type asymmetric registered
[    4.261788] Asymmetric key parser 'x509' registered
[    4.280697] Block layer SCSI generic (bsg) driver version 0.4 loaded (major 246)
[    4.313635] io scheduler noop registered
[    4.329319] io scheduler deadline registered
[    4.346295] io scheduler cfq registered (default)
[    4.366201] ACPI: AC Adapter [AC] (on-line)
[    4.392904] input: Power Button as /devices/LNXSYSTM:00/LNXPWRBN:00/input/input0
[    4.424913] ACPI: Power Button [PWRF]
[    4.439246] input: Sleep Button as /devices/LNXSYSTM:00/LNXSLPBN:00/input/input1
[    4.465346] ACPI: Sleep Button [SLPF]
[    4.484792] Serial: 8250/16550 driver, 32 ports, IRQ sharing enabled
[    4.488728] 00:02: ttyS0 at I/O 0x3f8 (irq = 4, base_baud = 115200) is a 16550A
[    4.625671] Linux agpgart interface v0.103
[    4.689109] loop: module loaded
[    4.709657] scsi host0: ata_piix
[    4.725759] scsi host1: ata_piix
[    4.729688] ata1: PATA max UDMA/33 cmd 0x1f0 ctl 0x3f6 bmdma 0xd000 irq 14
[    4.729688] ata2: PATA max UDMA/33 cmd 0x170 ctl 0x376 bmdma 0xd008 irq 15
[    4.783395] libphy: Fixed MDIO Bus: probed
[    4.806240] tun: Universal TUN/TAP device driver, 1.6
[    4.824316] PPP generic driver version 2.4.2
[    4.858403] ehci_hcd: USB 2.0 'Enhanced' Host Controller (EHCI) Driver
[    4.917475] ehci-pci: EHCI PCI platform driver
[    4.961146] ehci-platform: EHCI generic platform driver
[    4.989455] ohci_hcd: USB 1.1 'Open' Host Controller (OHCI) Driver
[    4.993356] ohci-pci: OHCI PCI platform driver
[    4.993356] ohci-platform: OHCI generic platform driver
[    4.993356] uhci_hcd: USB Universal Host Controller Interface driver
[    4.993356] i8042: PNP: PS/2 Controller [PNP0303:PS2K,PNP0f03:PS2M] at 0x60,0x64 irq 1,12
[    4.993356] serio: i8042 KBD port at 0x60,0x64 irq 1
[    4.993356] serio: i8042 AUX port at 0x60,0x64 irq 12
[    5.261638] mousedev: PS/2 mouse device common for all mice
[    5.295752] rtc_cmos rtc_cmos: rtc core: registered rtc_cmos as rtc0
[    5.320928] rtc_cmos rtc_cmos: alarms up to one day, 114 bytes nvram
[    5.342637] input: AT Translated Set 2 keyboard as /devices/platform/i8042/serio0/input/input2
[    5.371205] i2c /dev entries driver
[    5.400268] pcie_mp2_amd: AMD(R) PCI-E MP2 Communication Driver Version: 1.0
[    5.423336] device-mapper: uevent: version 1.0.3
[    5.439279] device-mapper: ioctl: 4.37.0-ioctl (2017-09-20) initialised: dm-devel@redhat.com
[    5.467215] ledtrig-cpu: registered to indicate activity on CPUs
[    5.495679] NET: Registered protocol family 10
[    5.548620] Segment Routing with IPv6
[    5.563283] NET: Registered protocol family 17
[    5.583096] Key type dns_resolver registered
[    5.603824] RAS: Correctable Errors collector initialized.
[    5.624979] sched_clock: Marking stable (5624747709, 0)->(10413831490, -4789083781)
[    5.668654] registered taskstats version 1
[    5.684791] Loading compiled-in X.509 certificates
[    5.719209] Loaded X.509 cert 'Build time autogenerated kernel key: f3a9ae7fdf18cf897e7c53db8499a9c1252f0be9'
[    5.755013] zswap: loaded using pool lzo/zbud
[    5.799893] Key type big_key registered
[    5.814626] Key type trusted registered
[    5.842695] Key type encrypted registered
[    5.859283] AppArmor: AppArmor sha1 policy hashing enabled
[    5.878975] ima: No TPM chip found, activating TPM-bypass! (rc=-19)
[    5.902136] ima: Allocated hash algorithm: sha1
[    5.919230] evm: HMAC attrs: 0x1
[    5.934686]   Magic number: 10:693:885
[    5.948942] rtc_cmos rtc_cmos: setting system clock to 2018-11-14 12:54:02 UTC (1542200042)
[    5.978982] BIOS EDD facility v0.16 2004-Jun-25, 0 devices found
[    5.999687] EDD information not available.
[    6.030708] Freeing unused kernel memory: 2408K
[    6.074161] Write protecting the kernel read-only data: 20480k
[    6.100461] Freeing unused kernel memory: 2008K
[    6.126419] Freeing unused kernel memory: 1896K
[    6.153042] x86/mm: Checked W+X mappings: passed, no W+X pages found.
[    6.185152] x86/mm: Checking user space page tables
[    6.247218] x86/mm: Checked W+X mappings: passed, no W+X pages found.
Loading, please wait...
starting version 237
[    6.929666] Fusion MPT base driver 3.04.20
[    6.953224] Copyright (c) 1999-2008 LSI Corporation
[    7.228513] e1000: Intel(R) PRO/1000 Network Driver - version 7.3.21-k8-NAPI
[    7.272690] e1000: Copyright (c) 1999-2006 Intel Corporation.
[    8.033316] AVX2 version of gcm_enc/dec engaged.
[    8.064903] AES CTR mode by8 optimization enabled
[    8.168951] Fusion MPT SPI Host driver 3.04.20
[    9.187740] input: ImExPS/2 Generic Explorer Mouse as /devices/platform/i8042/serio1/input/input4
[   10.189807] e1000 0000:00:03.0 eth0: (PCI:33MHz:32-bit) 02:85:b4:6d:51:fa
[   10.218417] e1000 0000:00:03.0 eth0: Intel(R) PRO/1000 Network Connection
[   10.254071] mptbase: ioc0: Initiating bringup
[   11.256461] ioc0: LSI53C1030 A0: Capabilities={Initiator}
[   13.139118] scsi host2: ioc0: LSI53C1030 A0, FwRev=00000000h, Ports=1, MaxQ=256, IRQ=20
[   14.605615] scsi 2:0:0:0: Direct-Access     VBOX     HARDDISK         1.0  PQ: 0 ANSI: 5
[   14.669108] scsi target2:0:0: Beginning Domain Validation
[   14.742317] random: fast init done
[   14.764767] scsi target2:0:0: Domain Validation skipping write tests
[   14.800214] scsi target2:0:0: Ending Domain Validation
[   14.838142] scsi target2:0:0: asynchronous
[   14.874547] scsi 2:0:1:0: Direct-Access     VBOX     HARDDISK         1.0  PQ: 0 ANSI: 5
[   15.204557] scsi target2:0:1: Beginning Domain Validation
[   15.256808] scsi target2:0:1: Domain Validation skipping write tests
[   15.294767] scsi target2:0:1: Ending Domain Validation
[   15.333541] scsi target2:0:1: asynchronous
[   15.437147] random: systemd-udevd: uninitialized urandom read (16 bytes read)
[   15.513143] sd 2:0:0:0: Attached scsi generic sg0 type 0
[   15.630358] sd 2:0:0:0: [sda] 20971520 512-byte logical blocks: (10.7 GB/10.0 GiB)
[   15.645505] random: systemd-udevd: uninitialized urandom read (16 bytes read)
[   15.645513] random: systemd-udevd: uninitialized urandom read (16 bytes read)
[   15.804944] sd 2:0:0:0: [sda] Write Protect is off
[   15.814200] sd 2:0:1:0: Attached scsi generic sg1 type 0
[   15.870310] sd 2:0:0:0: [sda] Incomplete mode parameter data
[   15.905379] sd 2:0:0:0: [sda] Assuming drive cache: write through
[   15.951090] sd 2:0:1:0: [sdb] 20480 512-byte logical blocks: (10.5 MB/10.0 MiB)
[   15.996048]  sda: sda1
[   16.024772] sd 2:0:1:0: [sdb] Write Protect is off
[   16.089420] sd 2:0:1:0: [sdb] Incomplete mode parameter data
[   16.121265] sd 2:0:1:0: [sdb] Assuming drive cache: write through
[   16.216356] sd 2:0:0:0: [sda] Attached SCSI disk
[   16.265713] sd 2:0:1:0: [sdb] Attached SCSI disk
[   17.461328] e1000 0000:00:08.0 eth1: (PCI:33MHz:32-bit) 08:00:27:b5:4e:e0
[   17.484510] e1000 0000:00:08.0 eth1: Intel(R) PRO/1000 Network Connection
[   17.528773] e1000 0000:00:08.0 enp0s8: renamed from eth1
[   17.589086] e1000 0000:00:03.0 enp0s3: renamed from eth0
Begin: Loading essential drivers ... [   25.676672] raid6: sse2x1   gen()  3578 MB/s
[   25.747279] raid6: sse2x1   xor()  2671 MB/s
[   25.821851] raid6: sse2x2   gen()  4840 MB/s
[   25.894516] raid6: sse2x2   xor()  3628 MB/s
[   25.978042] raid6: sse2x4   gen()  6159 MB/s
[   26.055380] raid6: sse2x4   xor()  1501 MB/s
[   26.154425] raid6: avx2x1   gen()  2657 MB/s
[   26.345361] raid6: avx2x1   xor()   770 MB/s
[   26.466048] raid6: avx2x2   gen()  9180 MB/s
[   26.624555] raid6: avx2x2   xor()   926 MB/s
[   26.716456] raid6: avx2x4   gen()  3481 MB/s
[   26.833072] raid6: avx2x4   xor()  6831 MB/s
[   26.911278] raid6: using algorithm avx2x2 gen() 9180 MB/s
[   27.029116] raid6: .... xor() 926 MB/s, rmw enabled
[   27.050859] raid6: using avx2x2 recovery algorithm
[   27.088277] xor: automatically using best checksumming function   avx       
[   27.131339] async_tx: api initialized (async)
done.
Begin: Running /scripts/init-premount ... done.
Begin: Mounting root file system ... Begin: Running /scripts/local-top ... done.
Begin: Running /scripts/local-premount ... [   27.561252] Btrfs loaded, crc32c=crc32c-intel
Scanning for Btrfs filesystems
done.
Warning: fsck not present, so sk[   27.888748] EXT4-fs (sda1): INFO: recovery required on readonly filesystem
ipping root file system
[   27.976069] EXT4-fs (sda1): write access will be enabled during recovery
[   28.837494] random: crng init done
[   28.864392] random: 7 urandom warning(s) missed due to ratelimiting
[   29.445105] EXT4-fs (sda1): recovery complete
[   29.467506] EXT4-fs (sda1): mounted filesystem with ordered data mode. Opts: (null)
done.
Begin: Running /scripts/local-bottom ... done.
Begin: Running /scripts/init-bottom ... done.
[   30.524695] ip_tables: (C) 2000-2006 Netfilter Core Team
[   30.606163] systemd[1]: systemd 237 running in system mode. (+PAM +AUDIT +SELINUX +IMA +APPARMOR +SMACK +SYSVINIT +UTMP +LIBCRYPTSETUP +GCRYPT +GNUTLS +ACL +XZ +LZ4 +SECCOMP +BLKID +ELFUTILS +KMOD -IDN2 +IDN -PCRE2 default-hierarchy=hybrid)
[   30.681039] systemd[1]: Detected virtualization oracle.
[   30.700054] systemd[1]: Detected architecture x86-64.

Welcome to [1mUbuntu 18.04.1 LTS[0m!

[   30.894954] systemd[1]: Set hostname to <vm>.
[   32.111135] systemd[1]: Reached target System Time Synchronized.
[[0;32m  OK  [0m] Reached target System Time Synchronized.
[   32.222225] systemd[1]: Created slice User and Session Slice.
[[0;32m  OK  [0m] Created slice User and Session Slice.
[   32.277157] systemd[1]: Reached target Swap.
[[0;32m  OK  [0m] Reached target Swap.
[   32.320061] systemd[1]: Started Forward Password Requests to Wall Directory Watch.
[[0;32m  OK  [0m] Started Forward Password Requests to Wall Directory Watch.
[   32.392032] systemd[1]: Reached target User and Group Name Lookups.
[[0;32m  OK  [0m] Reached target User and Group Name Lookups.
[   32.452257] systemd[1]: Created slice System Slice.
[[0;32m  OK  [0m] Created slice System Slice.
[[0;32m  OK  [0m] Listening on Journal Socket (/dev/log).
[[0;32m  OK  [0m] Reached target Slices.
[[0;32m  OK  [0m] Listening on Journal Socket.
         Mounting Huge Pages File System...
[[0;32m  OK  [0m] Listening on Journal Audit Socket.
[[0;32m  OK  [0m] Created slice system-serial\x2dgetty.slice.
[[0;32m  OK  [0m] Listening on /dev/initctl Compatibility Named Pipe.
[[0;32m  OK  [0m] Listening on LVM2 metadata daemon socket.
         Starting Load Kernel Modules...
         Starting Set the console keyboard layout...
[[0;32m  OK  [0m] Listening on udev Kernel Socket.
[[0;32m  OK  [0m] Listening on LVM2 poll daemon socket.
         Starting Remount Root and Kernel File Systems...
         Mounting Kernel Debug File System...
[[0;32m  OK  [0m] Listening on udev Control Socket.
         Starting udev Coldplug all Devices...
         Starting Uncomplicated firewall...
         Starting Create list of required st…ce nodes for the current kernel...
[[0;32m  OK  [0m[   33.447541] Loading iSCSI transport class v2.0-870.
] Listening on Syslog Socket.
[   33.665518] EXT4-fs (sda1): re-mounted. Opts: (null)
         Starting Journal Service...
[[0;32m  OK  [0m] Listening on Device-mapper event daemon FIFOs.
         Starting Monitoring of LVM2 mirrors…ng dmeventd or progress polling...
[[0;32m  OK  [0m] Set up automount Arbitrary Executab…rmats File System Automount Point.
         Mounting POSIX Message Queue File System...
[[0;32m  OK  [0m] Listening on Network Service Netlink Socket.
[[0;32m  OK  [0m] Mounted Huge Pages File System.
[[0;32m  OK  [0m] Started Set the console keyboard layout.
[[0;32m  OK  [0m] Started Remount Root and Kernel File Systems.
[   34.440828] iscsi: registered transport (tcp)
[[0;32m  OK  [0m] Mounted Kernel Debug File System.
[[0;32m  OK  [0m] Started Uncomplicated firewall.
[[0;32m  OK  [0m] Started Create list of required sta…vice nodes for the current kernel.
[[0;32m  OK  [0m] Mounted POSIX Message Queue File System.
         Starting Create Static Device Nodes in /dev...
         Starting Load/Save Random Seed...
         Starting Initial cloud-init job (pre-networking)...
[[0;32m  OK  [0m] Started Load/Save Random Seed.
[[0;32m  OK  [0m] Started LVM2 metadata daemon.
[[0;32m  OK  [0m] Started udev Coldplug all Devices.
[[0;32m  OK  [0m] Started Create Static Device Nodes in /dev.
[   35.693737] systemd[1]: Started Monitoring of LVM2 mirrors, snapshots etc. using dmeventd or progress polling.
[[0;32m  OK  [0m] Started Monitoring of LVM2 mirrors,…sing dmeventd or progress polling.
[   36.022449] systemd[1]: Starting udev Kernel Device Manager...
         Starting udev Kernel Device Manager...
[   36.254955] systemd[1]: Reached target Local File Systems (Pre).
[[0;32m  OK  [0m] Reached target Local File Systems (Pre).
[   36.503151] systemd[1]: Reached target Local File Systems.
[[0;32m  OK  [0m] Reached target Local File Systems.
[   36.587184] systemd[1]: Starting AppArmor initialization...
         Starting AppArmor initialization...
[   36.732876] systemd[1]: Starting Tell Plymouth To Write Out Runtime Data...
         Starting Tell Plymouth To Write Out Runtime Data...
[   36.850582] systemd[1]: Starting Set console font and keymap...
         Starting Set console font and keymap...
[   36.918599] systemd[1]: Starting ebtables ruleset management...
         Starting ebtables ruleset management...
[   36.999692] systemd[1]: Started Journal Service.
[[0;32m  OK  [0m] Started Journal Service.
[[0;32m  OK  [0m] Started Tell Plymouth To Write Out Runtime Data.
[[0;32m  OK  [0m] Started Set console font and keymap.
         Starting Flush Journal to Persistent Storage...
[   37.389599] systemd-journald[398]: Received request to flush runtime journal from PID 1
[   37.887521] iscsi: registered transport (iser)
[[0;32m  OK  [0m] Started Load Kernel Modules.
         Mounting Kernel Configuration File System...
         Starting Apply Kernel Variables...
         Mounting FUSE Control File System...
[[0;32m  OK  [0m] Mounted Kernel Configuration File System.
[[0;32m  OK  [0m] Mounted FUSE Control File System.
[   38.292654] systemd-journald[398]: File /var/log/journal/1e8fce67d0514c46ac407360173de6f6/system.journal corrupted or uncleanly shut down, renaming and replacing.
[[0;32m  OK  [0m] Started ebtables ruleset management.
[[0;32m  OK  [0m] Started Flush Journal to Persistent Storage.
[[0;32m  OK  [0m] Started Apply Kernel Variables.
         Starting Create Volatile Files and Directories...
[[0;32m  OK  [0m] Started Create Volatile Files and Directories.
         Starting Update UTMP about System Boot/Shutdown...
[[0;32m  OK  [0m] Started udev Kernel Device Manager.
[[0;32m  OK  [0m] Started Update UTMP about System Boot/Shutdown.
[[0;32m  OK  [0m] Started Dispatch Password Requests to Console Directory Watch.
[[0;32m  OK  [0m] Reached target Local Encrypted Volumes.
[[0;32m  OK  [0m] Started AppArmor initialization.
[[0;32m  OK  [0m] Found device /dev/ttyS0.
[[0;32m  OK  [0m] Listening on Load/Save RF Kill Switch Status /dev/rfkill Watch.
[   49.765664] cloud-init[404]: Cloud-init v. 18.4-0ubuntu1~18.04.1 running 'init-local' at Wed, 14 Nov 2018 12:54:45 +0000. Up 48.88 seconds.
[[0;32m  OK  [0m] Started Initial cloud-init job (pre-networking).
[[0;32m  OK  [0m] Reached target Network (Pre).
         Starting Network Service...
[[0;32m  OK  [0m] Started Network Service.
         Starting Network Name Resolution...
         Starting Wait for Network to be Configured...
[[0;32m  OK  [0m] Started Network Name Resolution.
[[0;32m  OK  [0m] Reached target Host and Network Name Lookups.
[[0;32m  OK  [0m] Reached target Network.
[[0;32m  OK  [0m] Started Wait for Network to be Configured.
         Starting Initial cloud-init job (metadata service crawler)...
[   56.635634] cloud-init[649]: Cloud-init v. 18.4-0ubuntu1~18.04.1 running 'init' at Wed, 14 Nov 2018 12:54:51 +0000. Up 55.40 seconds.
[   56.713541] cloud-init[649]: ci-info: ++++++++++++++++++++++++++++++++++++++Net device info+++++++++++++++++++++++++++++++++++++++
[   56.775421] cloud-init[649]: ci-info: +--------+------+-----------------------------+---------------+--------+-------------------+
[   56.865954] cloud-init[649]: ci-info: | Device |  Up  |           Address           |      Mask     | Scope  |     Hw-Address    |
[   56.929758] cloud-init[649]: ci-info: +--------+------+-----------------------------+---------------+--------+-------------------+
[   56.989720] cloud-init[649]: ci-info: | enp0s3 | True |          10.0.2.15          | 255.255.255.0 | global | 02:85:b4:6d:51:fa |
[   57.061695] cloud-init[649]: ci-info: | enp0s3 | True |  fe80::85:b4ff:fe6d:51fa/64 |       .       |  link  | 02:85:b4:6d:51:fa |
[   57.125197] cloud-init[649]: ci-info: | enp0s8 | True |        192.168.33.10        | 255.255.255.0 | global | 08:00:27:b5:4e:e0 |
[   57.269877] cloud-init[649]: ci-info: | enp0s8 | True | fe80::a00:27ff:feb5:4ee0/64 |       .       |  link  | 08:00:27:b5:4e:e0 |[[0;32m  OK  [0m] Started Initial cloud-init job (metadata service crawler).
[[0;32m  OK  [0m] Reached target Cloud-config availability.
[[0;32m  OK  [0m] Reached target System Initialization.
[[0;32m  OK  [0m] Started Message of the Day.
[[0;32m  OK  [0m] Listening on Open-iSCSI iscsid Socket.
[[0;32m  OK  [0m] Started Daily apt download activities.
[[0;32m  OK  [0m] Listening on D-Bus System Message Bus Socket.
[[0;32m  OK  [0m] Listening on UUID daemon activation socket.
[[0;32m  OK  [0m] Started Daily Cleanup of Temporary Directories.
         Starting Socket activation for snappy daemon.
[[0;32m  OK  [0m] Started ACPI Events Check.
[[0;32m  OK  [0m] Reached target Paths.
[[0;32m  OK  [0m] Started Daily apt upgrade and clean activities.
[[0;32m  OK  [0m] Listening on ACPID Listen Socket.
[[0;32m  OK  [0m] Started Discard unused blocks once a week.
[[0;32m  OK  [0m] Reached target Timers.
         Starting LXD - unix socket.
[[0;32m  OK  [0m] Reached target Network is Online.
         Starting Availability of block devices...
[[0;32m  OK  [0m] Reached target Remote File Systems (Pre).
[[0;32m  OK  [0m] Reached target Remote File Systems.
[[0;32m  OK  [0m] Listening on Socket activation for snappy daemon.
[[0;32m  OK  [0m] Listening on LXD - unix socket.
[[0;32m  OK  [0m] Reached target Sockets.
[[0;32m  OK  [0m] Reached target Basic System.
[[0;32m  OK  [0m] Started D-Bus System Message Bus.
         Starting Snappy daemon...
[[0;32m  OK  [0m] Started Unattended Upgrades Shutdown.
[[0;32m  OK  [0m] Started FUSE filesystem for LXC.
[[0;32m  OK  [0m] Started irqbalance daemon.
         Starting Virtualbox guest utils...
         Starting LSB: automatic crash report generation...

[   58.687775] cloud-init[649]: ci-info: |   lo   | True |          127.0.0.1          |   255.0.0.0   |  host  |         .         |
[   59.012868] cloud-init[649]: ci-info: |   lo   | True |           ::1/128           |       .       |  host  |         .         |[[0;32m  OK  [0m] Started Regular background program processing daemon.
[[0;32m  OK  [0m
[   59.499008] ] Started Deferred execution scheduler.cloud-init[649]: ci-info: +--------+------+-----------------------------+---------------+--------+-------------------+
[   59.711093] 
cloud-init         Starting LSB: Record successful boot for GRUB...
[649]: ci-info: +++++++++++++++++++++++++++++Route IPv4 info+++++++++++++++++++++++++++++
         [   60.187419] cloud-initStarting Login Service...[649]: ci-info: +-------+--------------+----------+-----------------+-----------+-------+
         
[   60.492493] Starting Permit User Sessions...
         Starting Accounts Service...
cloud-init         [649]: ci-info: | Route | Destination  | Gateway  |     Genmask     | Interface | Flags |Starting OpenBSD Secure Shell server...

[   60.947632]          Starting Dispatcher daemon for systemd-networkd...
         Starting LXD - container startup/shutdown...
cloud-init         Starting System Logging Service...
[649]: ci-info: +-------+--------------+----------+-----------------+-----------+-------+[[0;32m  OK  [0m] Started Availability of block devices.
[[0;32m  OK  [0m
] Started Permit User Sessions.[   61.604013] cloud-init[649]: ci-info: |   0   |   0.0.0.0    | 10.0.2.2 |     0.0.0.0     |   enp0s3  |   UG  |
[   61.604152] cloud-init[649]: ci-info: |   1   |   10.0.2.0   | 0.0.0.0  |  255.255.255.0  |   enp0s3  |   U   |
[   61.604231] cloud-init[649]: ci-info: |   2   |   10.0.2.2   | 0.0.0.0  | 255.255.255.255 |   enp0s3  |   UH  |
[   61.604302] cloud-init[649]: ci-info: |   3   | 192.168.33.0 | 0.0.0.0  |  255.255.255.0  |   enp0s8  |   U   |
[   61.604372] cloud-init[649]: ci-info: +-------+--------------+----------+-----------------+-----------+-------+
[   61.604447] cloud-init[649]: ci-info: +++++++++++++++++++Route IPv6 info+++++++++++++++++++

[   61.606964]          Starting Terminate Plymouth Boot Screen...cloud-init
         Starting Hold until boot process finishes up...
[[0;32m  OK  [0m[649]: ] Started Terminate Plymouth Boot Screen.ci-info: +-------+-------------+---------+-----------+-------+
[[0;32m  OK  [0m] Started Hold until boot process finishes up.

         Starting Set console scheme...
[[   63.450694] [0;32m  OK  [0m] Started Serial Getty on ttyS0.
[[0;32m  OK  [0m] Started Set console scheme.
cloud-init[[0;32m  OK  [0m] Created slice system-getty.slice.
[[0;32m  OK  [0m] Started Getty on tty1.
[[0;32m  OK  [0m] Reached target Login Prompts.
[649]: [[0;32m  OK  [0m] Started System Logging Service.
         Starting Authorization Manager...
ci-info: | Route | Destination | Gateway | Interface | Flags |[[0;32m  OK  [0m] Started LSB: automatic crash report generation.

[   64.862312] cloud-init[649]: ci-info: +-------+-------------+---------+-----------+-------+
[   65.180622] cloud-init[[0;32m  OK  [0m] Started LSB: Record successful boot for GRUB.[649]: ci-info: |   1   |  fe80::/64  |    ::   |   enp0s8  |   U   |

[   65.377228] cloud-init[649]: ci-info: |   2   |  fe80::/64  |    ::   |   enp0s3  |   U   |
[   65.678188] cloud-init[649]: ci-info: |   4   |    local    |    ::   |   enp0s3  |   U   |
[   66.142080] cloud-init[649]: ci-info: |   5   |    local    |    ::   |   enp0s8  |   U   |
[   66.366037] cloud-init[649]: ci-info: |   6   |   ff00::/8  |    ::   |   enp0s8  |   U   |
[   66.500067] cloud-init[649]: ci-info: |   7   |   ff00::/8  |    ::   |   enp0s3  |   U   |
[   66.663300] cloud-init[649]: ci-info: +-------+-------------+---------+-----------+-------+
[[0;32m  OK  [0m] Started Login Service.
[[0;32m  OK  [0m] Started Authorization Manager.
[[0;32m  OK  [0m] Started Accounts Service.
[[0;32m  OK  [0m] Started OpenBSD Secure Shell server.

Ubuntu 18.04.1 LTS vm ttyS0

vm login: [   77.506100] cloud-init[890]: Cloud-init v. 18.4-0ubuntu1~18.04.1 running 'modules:config' at Wed, 14 Nov 2018 12:55:12 +0000. Up 76.32 seconds.
[   81.532737] cloud-init[1019]: Cloud-init v. 18.4-0ubuntu1~18.04.1 running 'modules:final' at Wed, 14 Nov 2018 12:55:17 +0000. Up 80.93 seconds.
[   81.668280] cloud-init[1019]: Cloud-init v. 18.4-0ubuntu1~18.04.1 finished at Wed, 14 Nov 2018 12:55:18 +0000. Datasource DataSourceNoCloud [seed=/dev/sdb][dsmode=net].  Up 81.51 seconds
